Determining if the pthread_create exist failed with the following output:
Change Dir: /home/sithap/Documents/Research_Group_Files/AGV/AGV Selections Round 1/build/CMakeFiles/CMakeTmp

Run Build Command:/usr/bin/make "cmTryCompileExec2365820130/fast"
/usr/bin/make -f CMakeFiles/cmTryCompileExec2365820130.dir/build.make CMakeFiles/cmTryCompileExec2365820130.dir/build
make[1]: Entering directory `/home/sithap/Documents/Research_Group_Files/AGV/AGV Selections Round 1/build/CMakeFiles/CMakeTmp'
/usr/bin/cmake -E cmake_progress_report "/home/sithap/Documents/Research_Group_Files/AGV/AGV Selections Round 1/build/CMakeFiles/CMakeTmp/CMakeFiles" 1
Building C object CMakeFiles/cmTryCompileExec2365820130.dir/CheckSymbolExists.c.o
/usr/bin/cc    -o CMakeFiles/cmTryCompileExec2365820130.dir/CheckSymbolExists.c.o   -c "/home/sithap/Documents/Research_Group_Files/AGV/AGV Selections Round 1/build/CMakeFiles/CMakeTmp/CheckSymbolExists.c"
Linking C executable cmTryCompileExec2365820130
/usr/bin/cmake -E cmake_link_script CMakeFiles/cmTryCompileExec2365820130.dir/link.txt --verbose=1
/usr/bin/cc       CMakeFiles/cmTryCompileExec2365820130.dir/CheckSymbolExists.c.o  -o cmTryCompileExec2365820130 -rdynamic 
CMakeFiles/cmTryCompileExec2365820130.dir/CheckSymbolExists.c.o: In function `main':
CheckSymbolExists.c:(.text+0x16): undefined reference to `pthread_create'
collect2: error: ld returned 1 exit status
make[1]: *** [cmTryCompileExec2365820130] Error 1
make[1]: Leaving directory `/home/sithap/Documents/Research_Group_Files/AGV/AGV Selections Round 1/build/CMakeFiles/CMakeTmp'
make: *** [cmTryCompileExec2365820130/fast] Error 2

File /home/sithap/Documents/Research_Group_Files/AGV/AGV Selections Round 1/build/CMakeFiles/CMakeTmp/CheckSymbolExists.c:
/* */
#include <pthread.h>

int main(int argc, char** argv)
{
  (void)argv;
#ifndef pthread_create
  return ((int*)(&pthread_create))[argc];
#else
  (void)argc;
  return 0;
#endif
}

Determining if the function pthread_create exists in the pthreads failed with the following output:
Change Dir: /home/sithap/Documents/Research_Group_Files/AGV/AGV Selections Round 1/build/CMakeFiles/CMakeTmp

Run Build Command:/usr/bin/make "cmTryCompileExec2282273950/fast"
/usr/bin/make -f CMakeFiles/cmTryCompileExec2282273950.dir/build.make CMakeFiles/cmTryCompileExec2282273950.dir/build
make[1]: Entering directory `/home/sithap/Documents/Research_Group_Files/AGV/AGV Selections Round 1/build/CMakeFiles/CMakeTmp'
/usr/bin/cmake -E cmake_progress_report "/home/sithap/Documents/Research_Group_Files/AGV/AGV Selections Round 1/build/CMakeFiles/CMakeTmp/CMakeFiles" 1
Building C object CMakeFiles/cmTryCompileExec2282273950.dir/CheckFunctionExists.c.o
/usr/bin/cc   -DCHECK_FUNCTION_EXISTS=pthread_create   -o CMakeFiles/cmTryCompileExec2282273950.dir/CheckFunctionExists.c.o   -c /usr/share/cmake-2.8/Modules/CheckFunctionExists.c
Linking C executable cmTryCompileExec2282273950
/usr/bin/cmake -E cmake_link_script CMakeFiles/cmTryCompileExec2282273950.dir/link.txt --verbose=1
/usr/bin/cc   -DCHECK_FUNCTION_EXISTS=pthread_create    CMakeFiles/cmTryCompileExec2282273950.dir/CheckFunctionExists.c.o  -o cmTryCompileExec2282273950 -rdynamic -lpthreads 
/usr/bin/ld: cannot find -lpthreads
collect2: error: ld returned 1 exit status
make[1]: *** [cmTryCompileExec2282273950] Error 1
make[1]: Leaving directory `/home/sithap/Documents/Research_Group_Files/AGV/AGV Selections Round 1/build/CMakeFiles/CMakeTmp'
make: *** [cmTryCompileExec2282273950/fast] Error 2


